<?xml version="1.0" encoding="UTF-8"?>
<testng-results ignored="0" total="1" passed="1" failed="0" skipped="0">
  <reporter-output>
  </reporter-output>
  <suite started-at="2026-02-22T19:45:03 MST" name="Default suite" finished-at="2026-02-22T19:45:05 MST" duration-ms="1226">
    <groups>
    </groups>
    <test started-at="2026-02-22T19:45:03 MST" name="Default test" finished-at="2026-02-22T19:45:05 MST" duration-ms="1226">
      <class name="com.naveen.api.RestAPIFramework.GetUsersTest">
        <test-method is-config="true" signature="setup()[pri:0, instance:com.naveen.api.RestAPIFramework.GetUsersTest@1623b78d]" started-at="2026-02-22T19:45:03 MST" name="setup" finished-at="2026-02-22T19:45:04 MST" duration-ms="228" status="PASS">
          <reporter-output>
          </reporter-output>
        </test-method> <!-- setup -->
        <test-method is-config="true" signature="setupResponseSpec()[pri:0, instance:com.naveen.api.RestAPIFramework.GetUsersTest@1623b78d]" started-at="2026-02-22T19:45:04 MST" name="setupResponseSpec" finished-at="2026-02-22T19:45:04 MST" duration-ms="18" status="PASS">
          <reporter-output>
          </reporter-output>
        </test-method> <!-- setupResponseSpec -->
        <test-method signature="getUsersTest_withJSONschema_Hardcorded()[pri:0, instance:com.naveen.api.RestAPIFramework.GetUsersTest@1623b78d]" started-at="2026-02-22T19:45:04 MST" name="getUsersTest_withJSONschema_Hardcorded" finished-at="2026-02-22T19:45:05 MST" duration-ms="968" status="PASS">
          <reporter-output>
          </reporter-output>
        </test-method> <!-- getUsersTest_withJSONschema_Hardcorded -->
      </class> <!-- com.naveen.api.RestAPIFramework.GetUsersTest -->
    </test> <!-- Default test -->
  </suite> <!-- Default suite -->
</testng-results>
