<?xml version="1.0" encoding="UTF-8"?>
<!-- Generated by org.testng.reporters.JUnitXMLReporter -->
<testsuite ignored="0" hostname="Naveens-MacBook-Air.local" failures="0" tests="2" name="Default test" time="28.176" errors="0" timestamp="2026-02-12T02:27:05 MST">
  <testcase classname="restAssuredBasics.FirstProgramRestAssured" name="e2eTestWithJSONfile" time="14.225"/>
  <testcase classname="restAssuredBasics.FirstProgramRestAssured" name="e2eTestWithValidData" time="13.898"/>
</testsuite> <!-- Default test -->
