<?xml version="1.0" encoding="UTF-8"?>
<!-- Generated by org.testng.reporters.JUnitXMLReporter -->
<testsuite ignored="2" hostname="Naveens-MacBook-Air.local" failures="0" tests="1" name="Test" time="4.664" errors="0" timestamp="2026-02-24T23:41:21 MST">
  <testcase classname="restAssuredBasics.Jira_API_Suite" name="createIssueUsingPOJO" time="4.2"/>
  <testcase classname="restAssuredBasics.Jira_API_Suite" name="addScreenshot" time="0.0">
    <ignored/>
  </testcase> <!-- addScreenshot -->
  <testcase classname="restAssuredBasics.Jira_API_Suite" name="createIssue" time="0.0">
    <ignored/>
  </testcase> <!-- createIssue -->
</testsuite> <!-- Test -->
