<?xml version="1.0" encoding="UTF-8"?>
<!-- Generated by org.testng.reporters.JUnitXMLReporter -->
<testsuite ignored="0" hostname="Naveens-MacBook-Air.local" failures="1" tests="2" name="Test" time="16.605" errors="0" timestamp="2026-02-11T15:49:16 MST">
  <testcase classname="restAssuredBasics.FirstProgramRestAssured" name="e2eTestWithValidData" time="15.393"/>
  <testcase classname="restAssuredBasics.FirstProgramRestAssured" name="e2eTestWithJSONfile" time="1.014">
    <failure type="java.lang.IllegalArgumentException" message="The JSON input text should neither be null nor empty.">
      <![CDATA[java.lang.IllegalArgumentException: The JSON input text should neither be null nor empty.
at io.restassured.internal.path.json.ConfigurableJsonSlurper.parseText(ConfigurableJsonSlurper.java:87)
at org.codehaus.groovy.vmplugin.v8.IndyInterface.fromCache(IndyInterface.java:344)
at io.restassured.internal.ContentParser.parse(ContentParser.groovy:42)
at org.codehaus.groovy.vmplugin.v8.IndyInterface.fromCache(IndyInterface.java:344)
at io.restassured.internal.ResponseSpecificationImpl$HamcrestAssertionClosure.validate(ResponseSpecificationImpl.groovy:501)
at org.codehaus.groovy.vmplugin.v8.IndyInterface.fromCache(IndyInterface.java:344)
at io.restassured.internal.ResponseSpecificationImpl.validateResponseIfRequired(ResponseSpecificationImpl.groovy:714)
at org.codehaus.groovy.vmplugin.v8.IndyInterface.fromCache(IndyInterface.java:344)
at io.restassured.internal.ResponseSpecificationImpl.body(ResponseSpecificationImpl.groovy:274)
at org.codehaus.groovy.vmplugin.v8.IndyInterface.fromCache(IndyInterface.java:344)
at io.restassured.internal.ResponseSpecificationImpl.body(ResponseSpecificationImpl.groovy:121)
at io.restassured.internal.ValidatableResponseOptionsImpl.body(ValidatableResponseOptionsImpl.java:244)
at restAssuredBasics.FirstProgramRestAssured.e2eTestWithJSONfile(FirstProgramRestAssured.java:93)
at java.base/java.util.ArrayList.forEach(ArrayList.java:1596)
... Removed 25 stack frames]]>
    </failure>
  </testcase> <!-- e2eTestWithJSONfile -->
</testsuite> <!-- Test -->
