<?xml version="1.0" encoding="UTF-8"?>
<!-- Generated by org.testng.reporters.JUnitXMLReporter -->
<testsuite ignored="5" hostname="Naveens-MacBook-Air.local" failures="0" tests="1" name="Default test" time="1.226" errors="0" timestamp="2026-02-22T19:45:05 MST">
  <testcase classname="com.naveen.api.RestAPIFramework.GetUsersTest" name="getUsersTest_withJSONschema_Hardcorded" time="0.968"/>
  <testcase classname="com.naveen.api.RestAPIFramework.GetUsersTest" name="getUsersTest_queryParam" time="0.0">
    <ignored/>
  </testcase> <!-- getUsersTest_queryParam -->
  <testcase classname="com.naveen.api.RestAPIFramework.GetUsersTest" name="getUsersTest_pathParam" time="0.0">
    <ignored/>
  </testcase> <!-- getUsersTest_pathParam -->
  <testcase classname="com.naveen.api.RestAPIFramework.GetUsersTest" name="getUsersTest" time="0.0">
    <ignored/>
  </testcase> <!-- getUsersTest -->
  <testcase classname="com.naveen.api.RestAPIFramework.GetUsersTest" name="getInvalidUser" time="0.0">
    <ignored/>
  </testcase> <!-- getInvalidUser -->
  <testcase classname="com.naveen.api.RestAPIFramework.GetUsersTest" name="getUsersTest_extractIDs" time="0.0">
    <ignored/>
  </testcase> <!-- getUsersTest_extractIDs -->
</testsuite> <!-- Default test -->
