<?xml version="1.0" encoding="UTF-8"?>
<!-- Generated by org.testng.reporters.JUnitReportReporter -->
<testsuite hostname="Naveens-MacBook-Air.local" failures="0" tests="2" name="restAssuredBasics.FirstProgramRestAssured" time="28.123" errors="0" timestamp="2026-02-12T02:27:05 MST" skipped="0">
  <testcase classname="restAssuredBasics.FirstProgramRestAssured" name="e2eTestWithJSONfile" time="14.225"/>
  <testcase classname="restAssuredBasics.FirstProgramRestAssured" name="e2eTestWithValidData" time="13.898"/>
</testsuite> <!-- restAssuredBasics.FirstProgramRestAssured -->
