<?xml version="1.0" encoding="UTF-8"?>
<testng-results ignored="2" total="3" passed="1" failed="0" skipped="0">
  <reporter-output>
  </reporter-output>
  <suite started-at="2026-02-24T23:41:17 MST" name="Suite" finished-at="2026-02-24T23:41:21 MST" duration-ms="4664">
    <groups>
    </groups>
    <test started-at="2026-02-24T23:41:17 MST" name="Test" finished-at="2026-02-24T23:41:21 MST" duration-ms="4664">
      <class name="restAssuredBasics.Jira_API_Suite">
        <test-method is-config="true" signature="setup()[pri:0, instance:restAssuredBasics.Jira_API_Suite@77847718]" started-at="2026-02-24T23:41:17 MST" name="setup" finished-at="2026-02-24T23:41:17 MST" duration-ms="444" status="PASS">
          <reporter-output>
          </reporter-output>
        </test-method> <!-- setup -->
        <test-method signature="createIssueUsingPOJO()[pri:0, instance:restAssuredBasics.Jira_API_Suite@77847718]" started-at="2026-02-24T23:41:17 MST" name="createIssueUsingPOJO" finished-at="2026-02-24T23:41:21 MST" duration-ms="4200" status="PASS">
          <reporter-output>
          </reporter-output>
        </test-method> <!-- createIssueUsingPOJO -->
      </class> <!-- restAssuredBasics.Jira_API_Suite -->
    </test> <!-- Test -->
  </suite> <!-- Suite -->
</testng-results>
